[2026-02-18 00:43:40,628] multiqc                                            [DEBUG  ]  No MultiQC config found: /home/d/dgallinson/.local/lib/python3.8/site-packages/multiqc_config.yaml
[2026-02-18 00:43:40,629] multiqc                                            [DEBUG  ]  No MultiQC config found: /home/d/dgallinson/.multiqc_config.yaml
[2026-02-18 00:43:40,634] multiqc                                            [DEBUG  ]  No MultiQC config found: multiqc_config.yaml
[2026-02-18 00:43:40,634] multiqc                                            [DEBUG  ]  Command used: /home/d/dgallinson/tools/multiqc/bin/./multiqc -n preQC_multi -o ../results/sequencing/fastQC/pre_trim ../results/sequencing/fastQC/pre_trim/fastqc_files
[2026-02-18 00:43:42,151] multiqc                                            [WARNING]  MultiQC Version v1.33 now available!
[2026-02-18 00:43:42,152] multiqc                                            [INFO   ]  This is MultiQC v1.10.1
[2026-02-18 00:43:42,153] multiqc                                            [DEBUG  ]  Command     : /home/d/dgallinson/tools/multiqc/bin/./multiqc -n preQC_multi -o ../results/sequencing/fastQC/pre_trim ../results/sequencing/fastQC/pre_trim/fastqc_files
[2026-02-18 00:43:42,153] multiqc                                            [DEBUG  ]  Working dir : /shares_bgfs/margres_lab/Devils/Examples/RNA-seq/reference_based/scripts
[2026-02-18 00:43:42,153] multiqc                                            [INFO   ]  Template    : default
[2026-02-18 00:43:42,154] multiqc                                            [DEBUG  ]  Running Python 3.8.5 (default, Sep 11 2020, 20:46:01)  [GCC 7.5.0]
[2026-02-18 00:43:42,154] multiqc                                            [INFO   ]  Searching   : /shares_bgfs/margres_lab/Devils/Examples/RNA-seq/reference_based/results/sequencing/fastQC/pre_trim/fastqc_files
[2026-02-18 00:43:42,155] multiqc                                            [DEBUG  ]  Analysing modules: custom_content, ngsderive, purple, conpair, peddy, somalier, methylQA, mosdepth, phantompeakqualtools, qualimap, preseq, quast, qorts, rna_seqc, rockhopper, rsem, rseqc, busco, goleft_indexcov, disambiguate, supernova, deeptools, sargasso, verifybamid, mirtrace, happy, mirtop, homer, hops, macs2, theta2, snpeff, gatk, htseq, bcftools, featureCounts, fgbio, dragen, dedup, damageprofiler, biobambam2, jcvi, mtnucratio, picard, sentieon, prokka, qc3C, samblaster, samtools, sexdeterrmine, eigenstratdatabasetools, bamtools, jellyfish, vcftools, longranger, stacks, varscan2, bbmap, bismark, biscuit, hicexplorer, hicup, hicpro, salmon, kallisto, slamdunk, star, hisat2, tophat, bowtie2, bowtie1, snpsplit, kat, leehom, adapterRemoval, clipandmerge, cutadapt, flexbar, kaiju, kraken, malt, trimmomatic, sickle, skewer, sortmerna, biobloomtools, fastq_screen, afterqc, fastp, fastqc, pychopper, pycoqc, minionqc, multivcfanalyzer, clusterflow, bcl2fastq, interop, ivar, flash, seqyclean, optitype
[2026-02-18 00:43:42,155] multiqc                                            [DEBUG  ]  Using temporary directory for creating report: /tmp/tmpn_6seqc8
[2026-02-18 00:43:43,630] multiqc                                            [DEBUG  ]  File ignored by hicexplorer because it exceeded search pattern filesize limit: hcc1395_normal_rep2_r1_fastqc.html
[2026-02-18 00:43:43,673] multiqc                                            [DEBUG  ]  File ignored by longranger/invocation because it exceeded search pattern filesize limit: hcc1395_normal_rep2_r1_fastqc.html
[2026-02-18 00:43:44,143] multiqc                                            [DEBUG  ]  File ignored by hicexplorer because it exceeded search pattern filesize limit: hcc1395_normal_rep1_r1_fastqc.html
[2026-02-18 00:43:44,385] multiqc                                            [DEBUG  ]  File ignored by longranger/invocation because it exceeded search pattern filesize limit: hcc1395_normal_rep1_r1_fastqc.html
[2026-02-18 00:43:44,843] multiqc                                            [DEBUG  ]  File ignored by hicexplorer because it exceeded search pattern filesize limit: hcc1395_normal_rep2_r2_fastqc.html
[2026-02-18 00:43:44,883] multiqc                                            [DEBUG  ]  File ignored by longranger/invocation because it exceeded search pattern filesize limit: hcc1395_normal_rep2_r2_fastqc.html
[2026-02-18 00:43:45,536] multiqc                                            [DEBUG  ]  File ignored by hicexplorer because it exceeded search pattern filesize limit: hcc1395_normal_rep1_r2_fastqc.html
[2026-02-18 00:43:45,588] multiqc                                            [DEBUG  ]  File ignored by longranger/invocation because it exceeded search pattern filesize limit: hcc1395_normal_rep1_r2_fastqc.html
[2026-02-18 00:43:46,064] multiqc                                            [DEBUG  ]  File ignored by hicexplorer because it exceeded search pattern filesize limit: hcc1395_normal_rep3_r1_fastqc.html
[2026-02-18 00:43:46,103] multiqc                                            [DEBUG  ]  File ignored by longranger/invocation because it exceeded search pattern filesize limit: hcc1395_normal_rep3_r1_fastqc.html
[2026-02-18 00:43:46,368] multiqc                                            [DEBUG  ]  File ignored by hicexplorer because it exceeded search pattern filesize limit: hcc1395_tumor_rep1_r1_fastqc.html
[2026-02-18 00:43:46,406] multiqc                                            [DEBUG  ]  File ignored by longranger/invocation because it exceeded search pattern filesize limit: hcc1395_tumor_rep1_r1_fastqc.html
[2026-02-18 00:43:46,676] multiqc                                            [DEBUG  ]  File ignored by hicexplorer because it exceeded search pattern filesize limit: hcc1395_normal_rep3_r2_fastqc.html
[2026-02-18 00:43:46,713] multiqc                                            [DEBUG  ]  File ignored by longranger/invocation because it exceeded search pattern filesize limit: hcc1395_normal_rep3_r2_fastqc.html
[2026-02-18 00:43:47,369] multiqc                                            [DEBUG  ]  File ignored by hicexplorer because it exceeded search pattern filesize limit: hcc1395_tumor_rep1_r2_fastqc.html
[2026-02-18 00:43:47,419] multiqc                                            [DEBUG  ]  File ignored by longranger/invocation because it exceeded search pattern filesize limit: hcc1395_tumor_rep1_r2_fastqc.html
[2026-02-18 00:43:47,675] multiqc                                            [DEBUG  ]  File ignored by hicexplorer because it exceeded search pattern filesize limit: hcc1395_tumor_rep2_r1_fastqc.html
[2026-02-18 00:43:47,711] multiqc                                            [DEBUG  ]  File ignored by longranger/invocation because it exceeded search pattern filesize limit: hcc1395_tumor_rep2_r1_fastqc.html
[2026-02-18 00:43:47,956] multiqc                                            [DEBUG  ]  File ignored by hicexplorer because it exceeded search pattern filesize limit: hcc1395_tumor_rep3_r1_fastqc.html
[2026-02-18 00:43:47,990] multiqc                                            [DEBUG  ]  File ignored by longranger/invocation because it exceeded search pattern filesize limit: hcc1395_tumor_rep3_r1_fastqc.html
[2026-02-18 00:43:48,235] multiqc                                            [DEBUG  ]  File ignored by hicexplorer because it exceeded search pattern filesize limit: hcc1395_tumor_rep2_r2_fastqc.html
[2026-02-18 00:43:48,273] multiqc                                            [DEBUG  ]  File ignored by longranger/invocation because it exceeded search pattern filesize limit: hcc1395_tumor_rep2_r2_fastqc.html
[2026-02-18 00:43:48,511] multiqc                                            [DEBUG  ]  File ignored by hicexplorer because it exceeded search pattern filesize limit: hcc1395_tumor_rep3_r2_fastqc.html
[2026-02-18 00:43:48,549] multiqc                                            [DEBUG  ]  File ignored by longranger/invocation because it exceeded search pattern filesize limit: hcc1395_tumor_rep3_r2_fastqc.html
[2026-02-18 00:44:10,068] multiqc.plots.bargraph                             [DEBUG  ]  Using matplotlib version 3.3.1
[2026-02-18 00:44:10,089] multiqc.plots.linegraph                            [DEBUG  ]  Using matplotlib version 3.3.1
[2026-02-18 00:44:10,130] multiqc                                            [DEBUG  ]  No samples found: custom_content
[2026-02-18 00:44:10,170] multiqc                                            [DEBUG  ]  No samples found: ngsderive
[2026-02-18 00:44:10,212] multiqc                                            [DEBUG  ]  No samples found: purple
[2026-02-18 00:44:10,272] multiqc                                            [DEBUG  ]  No samples found: conpair
[2026-02-18 00:44:10,306] multiqc                                            [DEBUG  ]  No samples found: peddy
[2026-02-18 00:44:10,351] multiqc                                            [DEBUG  ]  No samples found: somalier
[2026-02-18 00:44:10,413] multiqc                                            [DEBUG  ]  No samples found: methylQA
[2026-02-18 00:44:10,504] multiqc                                            [DEBUG  ]  No samples found: mosdepth
[2026-02-18 00:44:10,546] multiqc                                            [DEBUG  ]  No samples found: phantompeakqualtools
[2026-02-18 00:44:10,565] multiqc                                            [DEBUG  ]  No samples found: qualimap
[2026-02-18 00:44:10,603] multiqc                                            [DEBUG  ]  No samples found: preseq
[2026-02-18 00:44:10,642] multiqc                                            [DEBUG  ]  No samples found: quast
[2026-02-18 00:44:10,680] multiqc                                            [DEBUG  ]  No samples found: qorts
[2026-02-18 00:44:10,723] multiqc                                            [DEBUG  ]  No samples found: rna_seqc
[2026-02-18 00:44:10,756] multiqc                                            [DEBUG  ]  No samples found: rockhopper
[2026-02-18 00:44:10,796] multiqc                                            [DEBUG  ]  No samples found: rsem
[2026-02-18 00:44:11,007] multiqc                                            [DEBUG  ]  No samples found: rseqc
[2026-02-18 00:44:11,053] multiqc                                            [DEBUG  ]  No samples found: busco
[2026-02-18 00:44:11,094] multiqc                                            [DEBUG  ]  No samples found: goleft_indexcov
[2026-02-18 00:44:11,150] multiqc                                            [DEBUG  ]  No samples found: disambiguate
[2026-02-18 00:44:11,216] multiqc                                            [DEBUG  ]  No samples found: supernova
[2026-02-18 00:44:11,406] multiqc                                            [DEBUG  ]  No samples found: deeptools
[2026-02-18 00:44:11,451] multiqc                                            [DEBUG  ]  No samples found: sargasso
[2026-02-18 00:44:11,495] multiqc                                            [DEBUG  ]  No samples found: verifybamid
[2026-02-18 00:44:11,536] multiqc                                            [DEBUG  ]  No samples found: mirtrace
[2026-02-18 00:44:11,582] multiqc                                            [DEBUG  ]  No samples found: happy
[2026-02-18 00:44:11,629] multiqc                                            [DEBUG  ]  No samples found: mirtop
[2026-02-18 00:44:11,701] multiqc                                            [DEBUG  ]  No samples found: homer
[2026-02-18 00:44:11,748] multiqc                                            [DEBUG  ]  No samples found: hops
[2026-02-18 00:44:11,795] multiqc                                            [DEBUG  ]  No samples found: macs2
[2026-02-18 00:44:11,837] multiqc                                            [DEBUG  ]  No samples found: theta2
[2026-02-18 00:44:11,882] multiqc                                            [DEBUG  ]  No samples found: snpeff
[2026-02-18 00:44:11,952] multiqc                                            [DEBUG  ]  No samples found: gatk
[2026-02-18 00:44:11,990] multiqc                                            [DEBUG  ]  No samples found: htseq
[2026-02-18 00:44:12,042] multiqc                                            [DEBUG  ]  No samples found: bcftools
[2026-02-18 00:44:12,085] multiqc                                            [DEBUG  ]  No samples found: featureCounts
[2026-02-18 00:44:12,544] multiqc                                            [DEBUG  ]  No samples found: fgbio
[2026-02-18 00:44:12,716] multiqc                                            [DEBUG  ]  No samples found: dragen
[2026-02-18 00:44:12,760] multiqc                                            [DEBUG  ]  No samples found: dedup
[2026-02-18 00:44:12,805] multiqc                                            [DEBUG  ]  No samples found: damageprofiler
[2026-02-18 00:44:13,238] multiqc                                            [DEBUG  ]  No samples found: biobambam2
[2026-02-18 00:44:13,287] multiqc                                            [DEBUG  ]  No samples found: jcvi
[2026-02-18 00:44:13,323] multiqc                                            [DEBUG  ]  No samples found: mtnucratio
[2026-02-18 00:44:13,325] multiqc                                            [DEBUG  ]  No samples found: picard
[2026-02-18 00:44:13,423] multiqc                                            [DEBUG  ]  No samples found: sentieon
[2026-02-18 00:44:13,476] multiqc                                            [DEBUG  ]  No samples found: prokka
[2026-02-18 00:44:13,520] multiqc                                            [DEBUG  ]  No samples found: qc3C
[2026-02-18 00:44:13,576] multiqc                                            [DEBUG  ]  No samples found: samblaster
[2026-02-18 00:44:13,686] multiqc                                            [DEBUG  ]  No samples found: samtools
[2026-02-18 00:44:13,722] multiqc                                            [DEBUG  ]  No samples found: sexdeterrmine
[2026-02-18 00:44:13,763] multiqc                                            [DEBUG  ]  No samples found: eigenstratdatabasetools
[2026-02-18 00:44:13,833] multiqc                                            [DEBUG  ]  No samples found: bamtools
[2026-02-18 00:44:13,873] multiqc                                            [DEBUG  ]  No samples found: jellyfish
[2026-02-18 00:44:13,982] multiqc                                            [DEBUG  ]  No samples found: vcftools
[2026-02-18 00:44:14,023] multiqc                                            [DEBUG  ]  No samples found: longranger
[2026-02-18 00:44:14,086] multiqc                                            [DEBUG  ]  No samples found: stacks
[2026-02-18 00:44:14,124] multiqc                                            [DEBUG  ]  No samples found: varscan2
[2026-02-18 00:44:14,369] multiqc                                            [DEBUG  ]  No samples found: bbmap
[2026-02-18 00:44:14,409] multiqc                                            [DEBUG  ]  No samples found: bismark
[2026-02-18 00:44:14,451] multiqc                                            [DEBUG  ]  No samples found: biscuit
[2026-02-18 00:44:14,501] multiqc                                            [DEBUG  ]  No samples found: hicexplorer
[2026-02-18 00:44:14,539] multiqc                                            [DEBUG  ]  No samples found: hicup
[2026-02-18 00:44:14,589] multiqc                                            [DEBUG  ]  No samples found: hicpro
[2026-02-18 00:44:14,630] multiqc                                            [DEBUG  ]  No samples found: salmon
[2026-02-18 00:44:14,649] multiqc                                            [DEBUG  ]  No samples found: kallisto
[2026-02-18 00:44:14,695] multiqc                                            [DEBUG  ]  No samples found: slamdunk
[2026-02-18 00:44:14,732] multiqc                                            [DEBUG  ]  No samples found: star
[2026-02-18 00:44:14,774] multiqc                                            [DEBUG  ]  No samples found: hisat2
[2026-02-18 00:44:14,817] multiqc                                            [DEBUG  ]  No samples found: tophat
[2026-02-18 00:44:14,847] multiqc                                            [DEBUG  ]  No samples found: bowtie2
[2026-02-18 00:44:14,894] multiqc                                            [DEBUG  ]  No samples found: bowtie1
[2026-02-18 00:44:14,931] multiqc                                            [DEBUG  ]  No samples found: snpsplit
[2026-02-18 00:44:15,012] multiqc                                            [DEBUG  ]  No samples found: kat
[2026-02-18 00:44:15,048] multiqc                                            [DEBUG  ]  No samples found: leehom
[2026-02-18 00:44:15,093] multiqc                                            [DEBUG  ]  No samples found: adapterRemoval
[2026-02-18 00:44:15,127] multiqc                                            [DEBUG  ]  No samples found: clipandmerge
[2026-02-18 00:44:15,169] multiqc                                            [DEBUG  ]  No samples found: cutadapt
[2026-02-18 00:44:15,214] multiqc                                            [DEBUG  ]  No samples found: flexbar
[2026-02-18 00:44:15,260] multiqc                                            [DEBUG  ]  No samples found: kaiju
[2026-02-18 00:44:15,304] multiqc                                            [DEBUG  ]  No samples found: kraken
[2026-02-18 00:44:15,341] multiqc                                            [DEBUG  ]  No samples found: malt
[2026-02-18 00:44:15,380] multiqc                                            [DEBUG  ]  No samples found: trimmomatic
[2026-02-18 00:44:15,419] multiqc                                            [DEBUG  ]  No samples found: sickle
[2026-02-18 00:44:15,490] multiqc                                            [DEBUG  ]  No samples found: skewer
[2026-02-18 00:44:15,532] multiqc                                            [DEBUG  ]  No samples found: sortmerna
[2026-02-18 00:44:15,571] multiqc                                            [DEBUG  ]  No samples found: biobloomtools
[2026-02-18 00:44:15,624] multiqc                                            [DEBUG  ]  No samples found: fastq_screen
[2026-02-18 00:44:15,664] multiqc                                            [DEBUG  ]  No samples found: afterqc
[2026-02-18 00:44:15,716] multiqc                                            [DEBUG  ]  No samples found: fastp
[2026-02-18 00:44:15,964] multiqc.modules.fastqc.fastqc                      [INFO   ]  Found 12 reports
[2026-02-18 00:44:16,347] multiqc                                            [DEBUG  ]  No samples found: pychopper
[2026-02-18 00:44:16,389] multiqc                                            [DEBUG  ]  No samples found: pycoqc
[2026-02-18 00:44:16,420] multiqc                                            [DEBUG  ]  No samples found: minionqc
[2026-02-18 00:44:16,464] multiqc                                            [DEBUG  ]  No samples found: multivcfanalyzer
[2026-02-18 00:44:16,504] multiqc                                            [DEBUG  ]  No samples found: clusterflow
[2026-02-18 00:44:16,542] multiqc                                            [DEBUG  ]  No samples found: bcl2fastq
[2026-02-18 00:44:16,582] multiqc                                            [DEBUG  ]  No samples found: interop
[2026-02-18 00:44:16,627] multiqc                                            [DEBUG  ]  No samples found: ivar
[2026-02-18 00:44:16,664] multiqc                                            [DEBUG  ]  No samples found: flash
[2026-02-18 00:44:16,706] multiqc                                            [DEBUG  ]  No samples found: seqyclean
[2026-02-18 00:44:16,746] multiqc                                            [DEBUG  ]  No samples found: optitype
[2026-02-18 00:44:16,760] multiqc                                            [INFO   ]  Compressing plot data
[2026-02-18 00:44:16,945] multiqc                                            [INFO   ]  Report      : ../results/sequencing/fastQC/pre_trim/preQC_multi.html
[2026-02-18 00:44:16,947] multiqc                                            [INFO   ]  Data        : ../results/sequencing/fastQC/pre_trim/preQC_multi_data
[2026-02-18 00:44:16,949] multiqc                                            [DEBUG  ]  Moving data file from '/tmp/tmpn_6seqc8/multiqc_data' to '../results/sequencing/fastQC/pre_trim/preQC_multi_data'
[2026-02-18 00:44:18,395] multiqc                                            [INFO   ]  MultiQC complete
